2015-08-05 14:44:08  [ main:0 ] - [ INFO ]  Refreshing org.springframework.context.annotation.AnnotationConfigApplicationContext@52633079: startup date [Wed Aug 05 14:44:08 CST 2015]; root of context hierarchy
2015-08-05 14:44:09  [ main:328 ] - [ INFO ]  Loading properties file from class path resource [jdbc-production.properties]
2015-08-05 14:44:09  [ main:331 ] - [ WARN ]  Exception encountered during context initialization - cancelling refresh attempt
org.springframework.beans.factory.BeanInitializationException: Could not load properties; nested exception is java.io.FileNotFoundException: class path resource [jdbc-production.properties] cannot be opened because it does not exist
	at org.springframework.context.support.PropertySourcesPlaceholderConfigurer.postProcessBeanFactory(PropertySourcesPlaceholderConfigurer.java:151)
	at org.springframework.context.support.PostProcessorRegistrationDelegate.invokeBeanFactoryPostProcessors(PostProcessorRegistrationDelegate.java:265)
	at org.springframework.context.support.PostProcessorRegistrationDelegate.invokeBeanFactoryPostProcessors(PostProcessorRegistrationDelegate.java:162)
	at org.springframework.context.support.AbstractApplicationContext.invokeBeanFactoryPostProcessors(AbstractApplicationContext.java:606)
	at org.springframework.context.support.AbstractApplicationContext.refresh(AbstractApplicationContext.java:462)
	at org.springframework.context.annotation.AnnotationConfigApplicationContext.<init>(AnnotationConfigApplicationContext.java:84)
	at webarche.SpringConfigTests.init(SpringConfigTests.java:18)
	at sun.reflect.NativeMethodAccessorImpl.invoke0(Native Method)
	at sun.reflect.NativeMethodAccessorImpl.invoke(NativeMethodAccessorImpl.java:57)
	at sun.reflect.DelegatingMethodAccessorImpl.invoke(DelegatingMethodAccessorImpl.java:43)
	at java.lang.reflect.Method.invoke(Method.java:606)
	at org.junit.runners.model.FrameworkMethod$1.runReflectiveCall(FrameworkMethod.java:50)
	at org.junit.internal.runners.model.ReflectiveCallable.run(ReflectiveCallable.java:12)
	at org.junit.runners.model.FrameworkMethod.invokeExplosively(FrameworkMethod.java:47)
	at org.junit.internal.runners.statements.RunBefores.evaluate(RunBefores.java:24)
	at org.junit.runners.ParentRunner.run(ParentRunner.java:363)
	at org.eclipse.jdt.internal.junit4.runner.JUnit4TestReference.run(JUnit4TestReference.java:86)
	at org.eclipse.jdt.internal.junit.runner.TestExecution.run(TestExecution.java:38)
	at org.eclipse.jdt.internal.junit.runner.RemoteTestRunner.runTests(RemoteTestRunner.java:459)
	at org.eclipse.jdt.internal.junit.runner.RemoteTestRunner.runTests(RemoteTestRunner.java:675)
	at org.eclipse.jdt.internal.junit.runner.RemoteTestRunner.run(RemoteTestRunner.java:382)
	at org.eclipse.jdt.internal.junit.runner.RemoteTestRunner.main(RemoteTestRunner.java:192)
Caused by: java.io.FileNotFoundException: class path resource [jdbc-production.properties] cannot be opened because it does not exist
	at org.springframework.core.io.ClassPathResource.getInputStream(ClassPathResource.java:172)
	at org.springframework.core.io.support.EncodedResource.getInputStream(EncodedResource.java:150)
	at org.springframework.core.io.support.PropertiesLoaderUtils.fillProperties(PropertiesLoaderUtils.java:98)
	at org.springframework.core.io.support.PropertiesLoaderSupport.loadProperties(PropertiesLoaderSupport.java:175)
	at org.springframework.core.io.support.PropertiesLoaderSupport.mergeProperties(PropertiesLoaderSupport.java:156)
	at org.springframework.context.support.PropertySourcesPlaceholderConfigurer.postProcessBeanFactory(PropertySourcesPlaceholderConfigurer.java:142)
	... 21 more
2015-08-05 14:45:23  [ main:0 ] - [ INFO ]  Refreshing org.springframework.context.annotation.AnnotationConfigApplicationContext@6e038230: startup date [Wed Aug 05 14:45:23 CST 2015]; root of context hierarchy
2015-08-05 14:45:23  [ main:267 ] - [ INFO ]  Loading properties file from class path resource [jdbc-production.properties]
2015-08-05 14:45:23  [ main:269 ] - [ INFO ]  Loading properties file from class path resource [authorization.properties]
2015-08-05 14:46:15  [ main:0 ] - [ INFO ]  Refreshing org.springframework.context.annotation.AnnotationConfigApplicationContext@52633079: startup date [Wed Aug 05 14:46:15 CST 2015]; root of context hierarchy
2015-08-05 14:46:15  [ main:253 ] - [ INFO ]  Loading properties file from class path resource [jdbc-production.properties]
2015-08-05 14:46:15  [ main:255 ] - [ INFO ]  Loading properties file from class path resource [authorization.properties]
2015-08-05 14:47:08  [ main:0 ] - [ INFO ]  Refreshing org.springframework.context.annotation.AnnotationConfigApplicationContext@6e038230: startup date [Wed Aug 05 14:47:08 CST 2015]; root of context hierarchy
2015-08-05 14:47:09  [ main:335 ] - [ INFO ]  Loading properties file from class path resource [jdbc-production.properties]
2015-08-05 14:47:09  [ main:337 ] - [ INFO ]  Loading properties file from class path resource [authorization.properties]
2015-08-05 14:48:45  [ main:0 ] - [ INFO ]  Refreshing org.springframework.context.annotation.AnnotationConfigApplicationContext@285855bd: startup date [Wed Aug 05 14:48:45 CST 2015]; root of context hierarchy
2015-08-05 14:48:45  [ main:264 ] - [ INFO ]  Loading properties file from class path resource [jdbc-production.properties]
2015-08-05 14:48:45  [ main:267 ] - [ INFO ]  Loading properties file from class path resource [authorization.properties]
2015-08-05 14:52:36  [ main:0 ] - [ INFO ]  Refreshing org.springframework.context.annotation.AnnotationConfigApplicationContext@3f64fffc: startup date [Wed Aug 05 14:52:36 CST 2015]; root of context hierarchy
2015-08-05 14:52:37  [ main:277 ] - [ INFO ]  Loading properties file from class path resource [jdbc-production.properties]
2015-08-05 14:52:37  [ main:279 ] - [ INFO ]  Loading properties file from class path resource [authorization.properties]
2015-08-05 14:53:00  [ main:1 ] - [ INFO ]  Refreshing org.springframework.context.annotation.AnnotationConfigApplicationContext@285855bd: startup date [Wed Aug 05 14:53:00 CST 2015]; root of context hierarchy
2015-08-05 14:53:00  [ main:285 ] - [ INFO ]  Loading properties file from class path resource [jdbc-production.properties]
2015-08-05 14:53:00  [ main:287 ] - [ INFO ]  Loading properties file from class path resource [authorization.properties]
2015-08-05 14:54:18  [ main:0 ] - [ INFO ]  Refreshing org.springframework.context.annotation.AnnotationConfigApplicationContext@285855bd: startup date [Wed Aug 05 14:54:18 CST 2015]; root of context hierarchy
2015-08-05 14:54:18  [ main:300 ] - [ INFO ]  Loading properties file from class path resource [jdbc-production.properties]
2015-08-05 14:54:18  [ main:303 ] - [ INFO ]  Loading properties file from class path resource [authorization.properties]
2015-08-05 14:57:09  [ main:0 ] - [ INFO ]  Refreshing org.springframework.context.annotation.AnnotationConfigApplicationContext@6e038230: startup date [Wed Aug 05 14:57:09 CST 2015]; root of context hierarchy
2015-08-05 14:57:09  [ main:271 ] - [ INFO ]  Loading properties file from class path resource [jdbc-production.properties]
2015-08-05 14:57:09  [ main:274 ] - [ INFO ]  Loading properties file from class path resource [authorization.properties]
2015-08-05 14:59:08  [ main:0 ] - [ INFO ]  Refreshing org.springframework.context.annotation.AnnotationConfigApplicationContext@6e038230: startup date [Wed Aug 05 14:59:08 CST 2015]; root of context hierarchy
2015-08-05 14:59:08  [ main:264 ] - [ INFO ]  Loading properties file from class path resource [jdbc-production.properties]
2015-08-05 14:59:08  [ main:266 ] - [ INFO ]  Loading properties file from class path resource [authorization.properties]
2015-08-05 15:00:55  [ main:0 ] - [ INFO ]  Refreshing org.springframework.context.annotation.AnnotationConfigApplicationContext@6e038230: startup date [Wed Aug 05 15:00:55 CST 2015]; root of context hierarchy
2015-08-05 15:00:55  [ main:272 ] - [ INFO ]  Loading properties file from class path resource [jdbc-production.properties]
2015-08-05 15:00:55  [ main:274 ] - [ INFO ]  Loading properties file from class path resource [authorization.properties]
2015-08-05 15:01:44  [ main:0 ] - [ INFO ]  Refreshing org.springframework.context.annotation.AnnotationConfigApplicationContext@3f64fffc: startup date [Wed Aug 05 15:01:44 CST 2015]; root of context hierarchy
2015-08-05 15:01:44  [ main:262 ] - [ INFO ]  Loading properties file from class path resource [jdbc-production.properties]
2015-08-05 15:01:44  [ main:264 ] - [ INFO ]  Loading properties file from class path resource [authorization.properties]
2015-08-05 15:04:11  [ main:1 ] - [ INFO ]  Refreshing org.springframework.context.annotation.AnnotationConfigApplicationContext@285855bd: startup date [Wed Aug 05 15:04:11 CST 2015]; root of context hierarchy
2015-08-05 15:04:11  [ main:300 ] - [ INFO ]  Loading properties file from class path resource [jdbc-production.properties]
2015-08-05 15:04:11  [ main:302 ] - [ INFO ]  Loading properties file from class path resource [authorization.properties]
2015-08-05 15:05:32  [ main:0 ] - [ INFO ]  Refreshing org.springframework.context.annotation.AnnotationConfigApplicationContext@3f64fffc: startup date [Wed Aug 05 15:05:32 CST 2015]; root of context hierarchy
2015-08-05 15:05:32  [ main:280 ] - [ INFO ]  Loading properties file from class path resource [jdbc-production.properties]
2015-08-05 15:05:32  [ main:283 ] - [ INFO ]  Loading properties file from class path resource [authorization.properties]
2015-08-05 15:07:08  [ main:0 ] - [ INFO ]  Refreshing org.springframework.context.annotation.AnnotationConfigApplicationContext@3f64fffc: startup date [Wed Aug 05 15:07:08 CST 2015]; root of context hierarchy
2015-08-05 15:07:08  [ main:272 ] - [ INFO ]  Loading properties file from class path resource [jdbc-production.properties]
2015-08-05 15:07:08  [ main:275 ] - [ INFO ]  Loading properties file from class path resource [authorization.properties]
2015-08-05 15:07:29  [ main:0 ] - [ INFO ]  Refreshing org.springframework.context.annotation.AnnotationConfigApplicationContext@3f64fffc: startup date [Wed Aug 05 15:07:29 CST 2015]; root of context hierarchy
2015-08-05 15:07:29  [ main:286 ] - [ INFO ]  Loading properties file from class path resource [jdbc-production.properties]
2015-08-05 15:07:29  [ main:289 ] - [ INFO ]  Loading properties file from class path resource [authorization.properties]
2015-08-05 15:08:40  [ main:0 ] - [ INFO ]  Refreshing org.springframework.context.annotation.AnnotationConfigApplicationContext@285855bd: startup date [Wed Aug 05 15:08:40 CST 2015]; root of context hierarchy
2015-08-05 15:08:40  [ main:263 ] - [ INFO ]  Loading properties file from class path resource [jdbc-production.properties]
2015-08-05 15:08:40  [ main:264 ] - [ INFO ]  Loading properties file from class path resource [authorization.properties]
2015-08-05 15:08:57  [ main:0 ] - [ INFO ]  Refreshing org.springframework.context.annotation.AnnotationConfigApplicationContext@3f64fffc: startup date [Wed Aug 05 15:08:57 CST 2015]; root of context hierarchy
2015-08-05 15:08:57  [ main:288 ] - [ INFO ]  Loading properties file from class path resource [jdbc-production.properties]
2015-08-05 15:08:57  [ main:291 ] - [ INFO ]  Loading properties file from class path resource [authorization.properties]
2015-08-05 15:12:32  [ main:0 ] - [ INFO ]  Refreshing org.springframework.context.annotation.AnnotationConfigApplicationContext@7fe219e7: startup date [Wed Aug 05 15:12:32 CST 2015]; root of context hierarchy
2015-08-05 15:12:32  [ main:266 ] - [ INFO ]  Loading properties file from class path resource [jdbc-production.properties]
2015-08-05 15:12:32  [ main:269 ] - [ INFO ]  Loading properties file from class path resource [authorization.properties]
2015-08-05 15:12:32  [ main:358 ] - [ WARN ]  ResourceBundle [exceptions] not found for MessageSource: Can't find bundle for base name exceptions, locale zh_CN
2015-08-05 15:12:32  [ main:360 ] - [ WARN ]  ResourceBundle [exceptions] not found for MessageSource: Can't find bundle for base name exceptions, locale en_GB
2015-08-05 15:12:32  [ main:361 ] - [ WARN ]  ResourceBundle [exceptions] not found for MessageSource: Can't find bundle for base name exceptions, locale zh_CN
2015-08-05 15:13:15  [ main:0 ] - [ INFO ]  Refreshing org.springframework.context.annotation.AnnotationConfigApplicationContext@285855bd: startup date [Wed Aug 05 15:13:15 CST 2015]; root of context hierarchy
2015-08-05 15:13:16  [ main:256 ] - [ INFO ]  Loading properties file from class path resource [jdbc-production.properties]
2015-08-05 15:13:16  [ main:258 ] - [ INFO ]  Loading properties file from class path resource [authorization.properties]
2015-08-05 16:11:40  [ main:0 ] - [ INFO ]  Refreshing org.springframework.context.annotation.AnnotationConfigApplicationContext@6fa85031: startup date [Wed Aug 05 16:11:40 CST 2015]; root of context hierarchy
2015-08-05 16:11:41  [ main:288 ] - [ INFO ]  Loading properties file from class path resource [jdbc-production.properties]
2015-08-05 16:11:41  [ main:290 ] - [ INFO ]  Loading properties file from class path resource [authorization.properties]
2015-08-05 16:12:15  [ main:0 ] - [ INFO ]  Refreshing org.springframework.context.annotation.AnnotationConfigApplicationContext@674482f7: startup date [Wed Aug 05 16:12:15 CST 2015]; root of context hierarchy
2015-08-05 16:12:15  [ main:285 ] - [ INFO ]  Loading properties file from class path resource [jdbc-production.properties]
2015-08-05 16:12:15  [ main:288 ] - [ INFO ]  Loading properties file from class path resource [authorization.properties]
2015-08-05 16:12:28  [ main:0 ] - [ INFO ]  Refreshing org.springframework.context.annotation.AnnotationConfigApplicationContext@674482f7: startup date [Wed Aug 05 16:12:28 CST 2015]; root of context hierarchy
2015-08-05 16:12:29  [ main:271 ] - [ INFO ]  Loading properties file from class path resource [jdbc-production.properties]
2015-08-05 16:12:29  [ main:274 ] - [ INFO ]  Loading properties file from class path resource [authorization.properties]
2015-08-05 16:14:27  [ main:0 ] - [ INFO ]  Refreshing org.springframework.context.annotation.AnnotationConfigApplicationContext@1328fa3c: startup date [Wed Aug 05 16:14:27 CST 2015]; root of context hierarchy
2015-08-05 16:14:28  [ main:272 ] - [ INFO ]  Loading properties file from class path resource [jdbc-production.properties]
2015-08-05 16:14:28  [ main:274 ] - [ INFO ]  Loading properties file from class path resource [authorization.properties]
2015-08-05 16:20:00  [ main:0 ] - [ INFO ]  Refreshing org.springframework.context.annotation.AnnotationConfigApplicationContext@226f9c62: startup date [Wed Aug 05 16:20:00 CST 2015]; root of context hierarchy
2015-08-05 16:20:00  [ main:294 ] - [ INFO ]  Loading properties file from class path resource [jdbc-production.properties]
2015-08-05 16:20:00  [ main:296 ] - [ INFO ]  Loading properties file from class path resource [authorization.properties]
2015-08-05 16:26:30  [ main:0 ] - [ INFO ]  Refreshing org.springframework.context.annotation.AnnotationConfigApplicationContext@1da988ff: startup date [Wed Aug 05 16:26:30 CST 2015]; root of context hierarchy
2015-08-05 16:26:30  [ main:260 ] - [ INFO ]  Loading properties file from class path resource [jdbc-production.properties]
2015-08-05 16:26:30  [ main:262 ] - [ INFO ]  Loading properties file from class path resource [authorization.properties]
2015-08-05 16:29:02  [ main:0 ] - [ INFO ]  Refreshing org.springframework.context.annotation.AnnotationConfigApplicationContext@65612c8f: startup date [Wed Aug 05 16:29:02 CST 2015]; root of context hierarchy
2015-08-05 16:29:03  [ main:285 ] - [ INFO ]  Loading properties file from class path resource [jdbc-production.properties]
2015-08-05 16:29:03  [ main:288 ] - [ INFO ]  Loading properties file from class path resource [authorization.properties]
2015-08-05 16:36:11  [ main:0 ] - [ INFO ]  Refreshing org.springframework.context.annotation.AnnotationConfigApplicationContext@65612c8f: startup date [Wed Aug 05 16:36:11 CST 2015]; root of context hierarchy
2015-08-05 16:36:11  [ main:285 ] - [ INFO ]  Loading properties file from class path resource [jdbc-production.properties]
2015-08-05 16:36:11  [ main:288 ] - [ INFO ]  Loading properties file from class path resource [authorization.properties]
2015-08-05 16:38:17  [ main:0 ] - [ INFO ]  Refreshing org.springframework.context.annotation.AnnotationConfigApplicationContext@3969454d: startup date [Wed Aug 05 16:38:17 CST 2015]; root of context hierarchy
2015-08-05 16:38:18  [ main:286 ] - [ INFO ]  Loading properties file from class path resource [jdbc-production.properties]
2015-08-05 16:38:18  [ main:288 ] - [ INFO ]  Loading properties file from class path resource [authorization.properties]
2015-08-05 16:39:13  [ main:0 ] - [ INFO ]  Refreshing org.springframework.context.annotation.AnnotationConfigApplicationContext@2e44dfad: startup date [Wed Aug 05 16:39:13 CST 2015]; root of context hierarchy
2015-08-05 16:39:13  [ main:284 ] - [ INFO ]  Loading properties file from class path resource [jdbc-production.properties]
2015-08-05 16:39:13  [ main:286 ] - [ INFO ]  Loading properties file from class path resource [authorization.properties]
2015-08-05 16:39:31  [ main:0 ] - [ INFO ]  Refreshing org.springframework.context.annotation.AnnotationConfigApplicationContext@2e44dfad: startup date [Wed Aug 05 16:39:31 CST 2015]; root of context hierarchy
2015-08-05 16:39:31  [ main:269 ] - [ INFO ]  Loading properties file from class path resource [jdbc-production.properties]
2015-08-05 16:39:31  [ main:271 ] - [ INFO ]  Loading properties file from class path resource [authorization.properties]
2015-08-05 16:53:35  [ main:0 ] - [ INFO ]  Refreshing org.springframework.context.annotation.AnnotationConfigApplicationContext@2bb8ee96: startup date [Wed Aug 05 16:53:35 CST 2015]; root of context hierarchy
2015-08-05 16:53:36  [ main:274 ] - [ INFO ]  Loading properties file from class path resource [jdbc-production.properties]
2015-08-05 16:53:36  [ main:276 ] - [ INFO ]  Loading properties file from class path resource [authorization.properties]
